<?xml version="1.0" encoding="UTF-8"?>
<!-- Generated by org.testng.reporters.JUnitReportReporter -->
<testsuite hostname="akilan-18633-gf" failures="0" tests="1" name="testautomation.hr_department" time="0.014" errors="0" timestamp="2023-11-13T15:14:24 IST" skipped="0">
  <testcase classname="testautomation.hr_department" name="manager" time="0.014"/>
</testsuite> <!-- testautomation.hr_department -->
