<?xml version="1.0" encoding="UTF-8"?>
<!-- Generated by org.testng.reporters.JUnitReportReporter -->
<testsuite hostname="akilan-18633-gf" failures="0" tests="2" name="testautomation.TestAutomation" time="0.024" errors="0" timestamp="2023-10-30T09:29:04 IST" skipped="0">
  <testcase classname="testautomation.TestAutomation" name="test1" time="0.006"/>
  <testcase classname="testautomation.TestAutomation" name="test" time="0.018"/>
</testsuite> <!-- testautomation.TestAutomation -->
