<?xml version="1.0" encoding="UTF-8"?>
<!-- Generated by org.testng.reporters.JUnitReportReporter -->
<testsuite hostname="akilan-18633-gf" failures="0" tests="1" name="testautomation.APITestAutomation" time="1.292" errors="0" timestamp="2023-11-12T18:05:28 IST" skipped="0">
  <testcase classname="testautomation.APITestAutomation" name="getRequest" time="1.292"/>
</testsuite> <!-- testautomation.APITestAutomation -->
