<?xml version="1.0" encoding="UTF-8"?>
<!-- Generated by org.testng.reporters.JUnitReportReporter -->
<testsuite hostname="akilan-18633-gf" failures="0" tests="3" name="testautomation.Class1" time="0.042" errors="0" timestamp="2023-10-30T11:48:41 IST" skipped="0">
  <testcase classname="testautomation.Class1" name="testcase1" time="0.015"/>
  <testcase classname="testautomation.Class1" name="testcase3" time="0.004"/>
  <testcase classname="testautomation.Class1" name="testcase" time="0.023"/>
</testsuite> <!-- testautomation.Class1 -->
