<?xml version="1.0" encoding="UTF-8"?>
<!-- Generated by org.testng.reporters.JUnitReportReporter -->
<testsuite hostname="akilan-18633-gf" failures="0" tests="2" name="testautomation.it_department" time="0.011" errors="0" timestamp="2023-10-30T09:29:04 IST" skipped="0">
  <testcase classname="testautomation.it_department" name="software_developers" time="0.005"/>
  <testcase classname="testautomation.it_department" name="software_testers" time="0.006"/>
</testsuite> <!-- testautomation.it_department -->
